<?xml version="1.0" encoding="UTF-8"?>
<!-- Generated by org.testng.reporters.JUnitXMLReporter -->
<testsuite ignored="0" hostname="DESKTOP-LQAEF8L" failures="0" tests="4" name="Test Runner 2" time="0.012" errors="0" timestamp="2023-10-14T14:52:49 IST">
  <testcase classname="distributedParllel.TestClass3" name="demo1" time="0.001"/>
  <testcase classname="distributedParllel.TestClass3" name="demo2" time="0.002"/>
  <testcase classname="distributedParllel.TestClass4" name="demo1" time="0.001"/>
  <testcase classname="distributedParllel.TestClass4" name="demo2" time="0.001"/>
</testsuite> <!-- Test Runner 2 -->
