<?xml version="1.0" encoding="UTF-8"?>
<!-- Generated by org.testng.reporters.JUnitXMLReporter -->
<testsuite ignored="0" hostname="DESKTOP-LQAEF8L" failures="0" tests="4" name="Test" time="0.074" errors="0" timestamp="2023-10-18T14:32:00 IST">
  <testcase classname="Listeners.testslass2" name="test0" time="0.009"/>
  <testcase classname="Listeners.Testclass1" name="test" time="0.002"/>
  <testcase classname="Listeners.testclass3" name="test0" time="0.001"/>
  <testcase classname="Listeners.testclass4" name="test0" time="0.001"/>
</testsuite> <!-- Test -->
