<?xml version="1.0" encoding="UTF-8"?>
<!-- Generated by org.testng.reporters.JUnitXMLReporter -->
<testsuite ignored="0" hostname="DESKTOP-LQAEF8L" failures="0" tests="4" name="Test Runner 3" time="0.015" errors="0" timestamp="2023-10-14T14:52:49 IST">
  <testcase classname="distributedParllel.TestClass6" name="demo1" time="0.002"/>
  <testcase classname="distributedParllel.TestClass6" name="demo2" time="0.001"/>
  <testcase classname="distributedParllel.TestClass5" name="demo1" time="0.002"/>
  <testcase classname="distributedParllel.TestClass5" name="demo2" time="0.002"/>
</testsuite> <!-- Test Runner 3 -->
