<?xml version="1.0" encoding="UTF-8"?>
<!-- Generated by org.testng.reporters.JUnitXMLReporter -->
<testsuite ignored="3" hostname="DESKTOP-LQAEF8L" failures="0" tests="3" name="Test(failed)" time="0.066" errors="0" timestamp="2023-10-18T13:35:59 IST">
  <testcase classname="BatchExicution.TestClass3" name="demo6" time="0.007"/>
  <testcase classname="BatchExicution.TestClass2" name="demo3" time="0.002"/>
  <testcase classname="BatchExicution.TestClass1" name="demo1" time="0.001"/>
  <testcase classname="BatchExicution.TestClass2" name="demo4" time="0.0">
    <ignored/>
  </testcase> <!-- demo4 -->
  <testcase classname="BatchExicution.TestClass1" name="demo2" time="0.0">
    <ignored/>
  </testcase> <!-- demo2 -->
  <testcase classname="BatchExicution.TestClass3" name="demo5" time="0.0">
    <ignored/>
  </testcase> <!-- demo5 -->
</testsuite> <!-- Test(failed) -->
