<?xml version="1.0" encoding="UTF-8"?>
<!-- Generated by org.testng.reporters.JUnitReportReporter -->
<testsuite hostname="DESKTOP-LQAEF8L" failures="0" tests="3" name="justTest.DisabledTest" time="0.013" errors="0" timestamp="2025-05-12T13:16:28 IST" skipped="1">
  <testcase classname="justTest.DisabledTest" name="demo1" time="0.012"/>
  <testcase classname="justTest.DisabledTest" name="demo3" time="0.001"/>
  <testcase classname="justTest.DisabledTest" name="demo2">
    <skipped/>
  </testcase> <!-- demo2 -->
</testsuite> <!-- justTest.DisabledTest -->
