<?xml version="1.0" encoding="UTF-8"?>
<!-- Generated by org.testng.reporters.JUnitReportReporter -->
<testsuite hostname="DESKTOP-LQAEF8L" failures="0" tests="3" name="rivirtual.ServicePageUS" time="133.643" errors="0" timestamp="2025-05-23T13:32:59 IST" skipped="0">
  <testcase classname="rivirtual.ServicePageUS" name="NominationForm" time="65.247"/>
  <testcase classname="rivirtual.ServicePageUS" name="mousehover" time="50.998"/>
  <testcase classname="rivirtual.ServicePageUS" name="Dropdown" time="17.398"/>
</testsuite> <!-- rivirtual.ServicePageUS -->
