<?xml version="1.0" encoding="UTF-8"?>
<!-- Generated by org.testng.reporters.JUnitReportReporter -->
<testsuite hostname="DESKTOP-LQAEF8L" failures="0" tests="6" name="justTest.priotiry$invocationCount" time="0.016" errors="0" timestamp="2023-10-12T13:57:07 IST" skipped="0">
  <testcase classname="justTest.priotiry$invocationCount" name="demo1" time="0.009"/>
  <testcase classname="justTest.priotiry$invocationCount" name="demo1" time="0.001"/>
  <testcase classname="justTest.priotiry$invocationCount" name="demo2" time="0.002"/>
  <testcase classname="justTest.priotiry$invocationCount" name="demo3" time="0.001"/>
  <testcase classname="justTest.priotiry$invocationCount" name="demo5" time="0.001"/>
  <testcase classname="justTest.priotiry$invocationCount" name="demo5" time="0.002"/>
</testsuite> <!-- justTest.priotiry$invocationCount -->
