<?xml version="1.0" encoding="UTF-8"?>
<!-- Generated by org.testng.reporters.JUnitReportReporter -->
<testsuite hostname="DESKTOP-LQAEF8L" failures="0" tests="3" name="TestNG.DataProviderPackage" time="0.009" errors="0" timestamp="2023-10-19T14:04:11 IST" skipped="0">
  <testcase classname="TestNG.DataProviderPackage" name="bookTicket" time="0.002"/>
  <testcase classname="TestNG.DataProviderPackage" name="bookTicket" time="0.001"/>
  <testcase classname="TestNG.DataProviderPackage" name="bookTicket" time="0.006"/>
</testsuite> <!-- TestNG.DataProviderPackage -->
