<?xml version="1.0" encoding="UTF-8"?>
<!-- Generated by org.testng.reporters.JUnitReportReporter -->
<testsuite hostname="DESKTOP-LQAEF8L" failures="0" tests="3" name="rivirtual.BuilderAwardsLandingPageIND" time="4.621" errors="3" timestamp="2026-01-27T11:13:23 IST" skipped="0">
  <testcase classname="rivirtual.BuilderAwardsLandingPageIND" name="MouseHover" time="1.151">
    <error message="session not created: This version of ChromeDriver only supports Chrome version 135
Current browser version is 144.0.7559.97 with binary path C:\Program Files\Google\Chrome\Application\chrome.exe
Build info: version: &#039;3.141.59&#039;, revision: &#039;e82be7d358&#039;, time: &#039;2018-11-14T08:17:03&#039;
System info: host: &#039;DESKTOP-LQAEF8L&#039;, ip: &#039;192.168.29.28&#039;, os.name: &#039;Windows 11&#039;, os.arch: &#039;amd64&#039;, os.version: &#039;10.0&#039;, java.version: &#039;17.0.7&#039;
Driver info: driver.version: ChromeDriver
remote stacktrace: 	GetHandleVerifier [0x00007FF777DD1F55+78133]
	GetHandleVerifier [0x00007FF777DD1FB0+78224]
	(No symbol) [0x00007FF777B991BA]
	(No symbol) [0x00007FF777BDD12F]
	(No symbol) [0x00007FF777BDC17B]
	(No symbol) [0x00007FF777BD642A]
	(No symbol) [0x00007FF777BD19DD]
	(No symbol) [0x00007FF777C25108]
	(No symbol) [0x00007FF777C246E0]
	(No symbol) [0x00007FF777C16F33]
	(No symbol) [0x00007FF777BE0358]
	(No symbol) [0x00007FF777BE10C3]
	GetHandleVerifier [0x00007FF77809BA8D+3001453]
	GetHandleVerifier [0x00007FF778095E72+2977874]
	GetHandleVerifier [0x00007FF7780B497D+3103581]
	GetHandleVerifier [0x00007FF777DEC7EA+186826]
	GetHandleVerifier [0x00007FF777DF43FF+218591]
	GetHandleVerifier [0x00007FF777DD9D94+110452]
	GetHandleVerifier [0x00007FF777DD9F42+110882]
	GetHandleVerifier [0x00007FF777DC0379+5465]
	BaseThreadInitThunk [0x00007FFAD281E8D7+23]
	RtlUserThreadStart [0x00007FFAD3F6C53C+44]
" type="org.openqa.selenium.SessionNotCreatedException">
      <![CDATA[org.openqa.selenium.SessionNotCreatedException: session not created: This version of ChromeDriver only supports Chrome version 135
Current browser version is 144.0.7559.97 with binary path C:\Program Files\Google\Chrome\Application\chrome.exe
Build info: version: '3.141.59', revision: 'e82be7d358', time: '2018-11-14T08:17:03'
System info: host: 'DESKTOP-LQAEF8L', ip: '192.168.29.28', os.name: 'Windows 11', os.arch: 'amd64', os.version: '10.0', java.version: '17.0.7'
Driver info: driver.version: ChromeDriver
remote stacktrace: GetHandleVerifier [0x00007FF777DD1F55+78133]
GetHandleVerifier [0x00007FF777DD1FB0+78224]
(No symbol) [0x00007FF777B991BA]
(No symbol) [0x00007FF777BDD12F]
(No symbol) [0x00007FF777BDC17B]
(No symbol) [0x00007FF777BD642A]
(No symbol) [0x00007FF777BD19DD]
(No symbol) [0x00007FF777C25108]
(No symbol) [0x00007FF777C246E0]
(No symbol) [0x00007FF777C16F33]
(No symbol) [0x00007FF777BE0358]
(No symbol) [0x00007FF777BE10C3]
GetHandleVerifier [0x00007FF77809BA8D+3001453]
GetHandleVerifier [0x00007FF778095E72+2977874]
GetHandleVerifier [0x00007FF7780B497D+3103581]
GetHandleVerifier [0x00007FF777DEC7EA+186826]
GetHandleVerifier [0x00007FF777DF43FF+218591]
GetHandleVerifier [0x00007FF777DD9D94+110452]
GetHandleVerifier [0x00007FF777DD9F42+110882]
GetHandleVerifier [0x00007FF777DC0379+5465]
BaseThreadInitThunk [0x00007FFAD281E8D7+23]
RtlUserThreadStart [0x00007FFAD3F6C53C+44]

at java.base/jdk.internal.reflect.NativeConstructorAccessorImpl.newInstance0(Native Method)
at java.base/jdk.internal.reflect.NativeConstructorAccessorImpl.newInstance(NativeConstructorAccessorImpl.java:77)
at java.base/jdk.internal.reflect.DelegatingConstructorAccessorImpl.newInstance(DelegatingConstructorAccessorImpl.java:45)
at java.base/java.lang.reflect.Constructor.newInstanceWithCaller(Constructor.java:499)
at java.base/java.lang.reflect.Constructor.newInstance(Constructor.java:480)
at org.openqa.selenium.remote.W3CHandshakeResponse.lambda$errorHandler$0(W3CHandshakeResponse.java:62)
at org.openqa.selenium.remote.HandshakeResponse.lambda$getResponseFunction$0(HandshakeResponse.java:30)
at org.openqa.selenium.remote.ProtocolHandshake.lambda$createSession$0(ProtocolHandshake.java:126)
at java.base/java.util.stream.ReferencePipeline$3$1.accept(ReferencePipeline.java:197)
at java.base/java.util.Spliterators$ArraySpliterator.tryAdvance(Spliterators.java:1002)
at java.base/java.util.stream.ReferencePipeline.forEachWithCancel(ReferencePipeline.java:129)
at java.base/java.util.stream.AbstractPipeline.copyIntoWithCancel(AbstractPipeline.java:527)
at java.base/java.util.stream.AbstractPipeline.copyInto(AbstractPipeline.java:513)
at java.base/java.util.stream.AbstractPipeline.wrapAndCopyInto(AbstractPipeline.java:499)
at java.base/java.util.stream.FindOps$FindOp.evaluateSequential(FindOps.java:150)
at java.base/java.util.stream.AbstractPipeline.evaluate(AbstractPipeline.java:234)
at java.base/java.util.stream.ReferencePipeline.findFirst(ReferencePipeline.java:647)
at org.openqa.selenium.remote.ProtocolHandshake.createSession(ProtocolHandshake.java:128)
at org.openqa.selenium.remote.ProtocolHandshake.createSession(ProtocolHandshake.java:74)
at org.openqa.selenium.remote.HttpCommandExecutor.execute(HttpCommandExecutor.java:136)
at org.openqa.selenium.remote.service.DriverCommandExecutor.execute(DriverCommandExecutor.java:83)
at org.openqa.selenium.remote.RemoteWebDriver.execute(RemoteWebDriver.java:552)
at org.openqa.selenium.remote.RemoteWebDriver.startSession(RemoteWebDriver.java:213)
at org.openqa.selenium.remote.RemoteWebDriver.<init>(RemoteWebDriver.java:131)
at org.openqa.selenium.chrome.ChromeDriver.<init>(ChromeDriver.java:181)
at org.openqa.selenium.chrome.ChromeDriver.<init>(ChromeDriver.java:168)
at org.openqa.selenium.chrome.ChromeDriver.<init>(ChromeDriver.java:123)
at rivirtual.BuilderAwardsLandingPageIND.MouseHover(BuilderAwardsLandingPageIND.java:24)
at java.base/jdk.internal.reflect.NativeMethodAccessorImpl.invoke0(Native Method)
at java.base/jdk.internal.reflect.NativeMethodAccessorImpl.invoke(NativeMethodAccessorImpl.java:77)
at java.base/jdk.internal.reflect.DelegatingMethodAccessorImpl.invoke(DelegatingMethodAccessorImpl.java:43)
at java.base/java.lang.reflect.Method.invoke(Method.java:568)
at org.testng.internal.invokers.MethodInvocationHelper.invokeMethod(MethodInvocationHelper.java:139)
at org.testng.internal.invokers.TestInvoker.invokeMethod(TestInvoker.java:664)
at org.testng.internal.invokers.TestInvoker.invokeTestMethod(TestInvoker.java:227)
at org.testng.internal.invokers.MethodRunner.runInSequence(MethodRunner.java:50)
at org.testng.internal.invokers.TestInvoker$MethodInvocationAgent.invoke(TestInvoker.java:957)
at org.testng.internal.invokers.TestInvoker.invokeTestMethods(TestInvoker.java:200)
at org.testng.internal.invokers.TestMethodWorker.invokeTestMethods(TestMethodWorker.java:148)
at org.testng.internal.invokers.TestMethodWorker.run(TestMethodWorker.java:128)
at java.base/java.util.ArrayList.forEach(ArrayList.java:1511)
at org.testng.TestRunner.privateRun(TestRunner.java:848)
at org.testng.TestRunner.run(TestRunner.java:621)
at org.testng.SuiteRunner.runTest(SuiteRunner.java:443)
at org.testng.SuiteRunner.runSequentially(SuiteRunner.java:437)
at org.testng.SuiteRunner.privateRun(SuiteRunner.java:397)
at org.testng.SuiteRunner.run(SuiteRunner.java:336)
at org.testng.SuiteRunnerWorker.runSuite(SuiteRunnerWorker.java:52)
at org.testng.SuiteRunnerWorker.run(SuiteRunnerWorker.java:95)
at org.testng.TestNG.runSuitesSequentially(TestNG.java:1280)
at org.testng.TestNG.runSuitesLocally(TestNG.java:1200)
at org.testng.TestNG.runSuites(TestNG.java:1114)
at org.testng.TestNG.run(TestNG.java:1082)
at org.testng.remote.AbstractRemoteTestNG.run(AbstractRemoteTestNG.java:115)
at org.testng.remote.RemoteTestNG.initAndRun(RemoteTestNG.java:251)
at org.testng.remote.RemoteTestNG.main(RemoteTestNG.java:77)
]]>
    </error>
  </testcase> <!-- MouseHover -->
  <testcase classname="rivirtual.BuilderAwardsLandingPageIND" name="Dropdown" time="2.391">
    <error message="session not created: This version of ChromeDriver only supports Chrome version 135
Current browser version is 144.0.7559.97 with binary path C:\Program Files\Google\Chrome\Application\chrome.exe
Build info: version: &#039;3.141.59&#039;, revision: &#039;e82be7d358&#039;, time: &#039;2018-11-14T08:17:03&#039;
System info: host: &#039;DESKTOP-LQAEF8L&#039;, ip: &#039;192.168.29.28&#039;, os.name: &#039;Windows 11&#039;, os.arch: &#039;amd64&#039;, os.version: &#039;10.0&#039;, java.version: &#039;17.0.7&#039;
Driver info: driver.version: ChromeDriver
remote stacktrace: 	GetHandleVerifier [0x00007FF777DD1F55+78133]
	GetHandleVerifier [0x00007FF777DD1FB0+78224]
	(No symbol) [0x00007FF777B991BA]
	(No symbol) [0x00007FF777BDD12F]
	(No symbol) [0x00007FF777BDC17B]
	(No symbol) [0x00007FF777BD642A]
	(No symbol) [0x00007FF777BD19DD]
	(No symbol) [0x00007FF777C25108]
	(No symbol) [0x00007FF777C246E0]
	(No symbol) [0x00007FF777C16F33]
	(No symbol) [0x00007FF777BE0358]
	(No symbol) [0x00007FF777BE10C3]
	GetHandleVerifier [0x00007FF77809BA8D+3001453]
	GetHandleVerifier [0x00007FF778095E72+2977874]
	GetHandleVerifier [0x00007FF7780B497D+3103581]
	GetHandleVerifier [0x00007FF777DEC7EA+186826]
	GetHandleVerifier [0x00007FF777DF43FF+218591]
	GetHandleVerifier [0x00007FF777DD9D94+110452]
	GetHandleVerifier [0x00007FF777DD9F42+110882]
	GetHandleVerifier [0x00007FF777DC0379+5465]
	BaseThreadInitThunk [0x00007FFAD281E8D7+23]
	RtlUserThreadStart [0x00007FFAD3F6C53C+44]
" type="org.openqa.selenium.SessionNotCreatedException">
      <![CDATA[org.openqa.selenium.SessionNotCreatedException: session not created: This version of ChromeDriver only supports Chrome version 135
Current browser version is 144.0.7559.97 with binary path C:\Program Files\Google\Chrome\Application\chrome.exe
Build info: version: '3.141.59', revision: 'e82be7d358', time: '2018-11-14T08:17:03'
System info: host: 'DESKTOP-LQAEF8L', ip: '192.168.29.28', os.name: 'Windows 11', os.arch: 'amd64', os.version: '10.0', java.version: '17.0.7'
Driver info: driver.version: ChromeDriver
remote stacktrace: GetHandleVerifier [0x00007FF777DD1F55+78133]
GetHandleVerifier [0x00007FF777DD1FB0+78224]
(No symbol) [0x00007FF777B991BA]
(No symbol) [0x00007FF777BDD12F]
(No symbol) [0x00007FF777BDC17B]
(No symbol) [0x00007FF777BD642A]
(No symbol) [0x00007FF777BD19DD]
(No symbol) [0x00007FF777C25108]
(No symbol) [0x00007FF777C246E0]
(No symbol) [0x00007FF777C16F33]
(No symbol) [0x00007FF777BE0358]
(No symbol) [0x00007FF777BE10C3]
GetHandleVerifier [0x00007FF77809BA8D+3001453]
GetHandleVerifier [0x00007FF778095E72+2977874]
GetHandleVerifier [0x00007FF7780B497D+3103581]
GetHandleVerifier [0x00007FF777DEC7EA+186826]
GetHandleVerifier [0x00007FF777DF43FF+218591]
GetHandleVerifier [0x00007FF777DD9D94+110452]
GetHandleVerifier [0x00007FF777DD9F42+110882]
GetHandleVerifier [0x00007FF777DC0379+5465]
BaseThreadInitThunk [0x00007FFAD281E8D7+23]
RtlUserThreadStart [0x00007FFAD3F6C53C+44]

at java.base/jdk.internal.reflect.NativeConstructorAccessorImpl.newInstance0(Native Method)
at java.base/jdk.internal.reflect.NativeConstructorAccessorImpl.newInstance(NativeConstructorAccessorImpl.java:77)
at java.base/jdk.internal.reflect.DelegatingConstructorAccessorImpl.newInstance(DelegatingConstructorAccessorImpl.java:45)
at java.base/java.lang.reflect.Constructor.newInstanceWithCaller(Constructor.java:499)
at java.base/java.lang.reflect.Constructor.newInstance(Constructor.java:480)
at org.openqa.selenium.remote.W3CHandshakeResponse.lambda$errorHandler$0(W3CHandshakeResponse.java:62)
at org.openqa.selenium.remote.HandshakeResponse.lambda$getResponseFunction$0(HandshakeResponse.java:30)
at org.openqa.selenium.remote.ProtocolHandshake.lambda$createSession$0(ProtocolHandshake.java:126)
at java.base/java.util.stream.ReferencePipeline$3$1.accept(ReferencePipeline.java:197)
at java.base/java.util.Spliterators$ArraySpliterator.tryAdvance(Spliterators.java:1002)
at java.base/java.util.stream.ReferencePipeline.forEachWithCancel(ReferencePipeline.java:129)
at java.base/java.util.stream.AbstractPipeline.copyIntoWithCancel(AbstractPipeline.java:527)
at java.base/java.util.stream.AbstractPipeline.copyInto(AbstractPipeline.java:513)
at java.base/java.util.stream.AbstractPipeline.wrapAndCopyInto(AbstractPipeline.java:499)
at java.base/java.util.stream.FindOps$FindOp.evaluateSequential(FindOps.java:150)
at java.base/java.util.stream.AbstractPipeline.evaluate(AbstractPipeline.java:234)
at java.base/java.util.stream.ReferencePipeline.findFirst(ReferencePipeline.java:647)
at org.openqa.selenium.remote.ProtocolHandshake.createSession(ProtocolHandshake.java:128)
at org.openqa.selenium.remote.ProtocolHandshake.createSession(ProtocolHandshake.java:74)
at org.openqa.selenium.remote.HttpCommandExecutor.execute(HttpCommandExecutor.java:136)
at org.openqa.selenium.remote.service.DriverCommandExecutor.execute(DriverCommandExecutor.java:83)
at org.openqa.selenium.remote.RemoteWebDriver.execute(RemoteWebDriver.java:552)
at org.openqa.selenium.remote.RemoteWebDriver.startSession(RemoteWebDriver.java:213)
at org.openqa.selenium.remote.RemoteWebDriver.<init>(RemoteWebDriver.java:131)
at org.openqa.selenium.chrome.ChromeDriver.<init>(ChromeDriver.java:181)
at org.openqa.selenium.chrome.ChromeDriver.<init>(ChromeDriver.java:168)
at org.openqa.selenium.chrome.ChromeDriver.<init>(ChromeDriver.java:123)
at rivirtual.BuilderAwardsLandingPageIND.Dropdown(BuilderAwardsLandingPageIND.java:179)
at java.base/jdk.internal.reflect.NativeMethodAccessorImpl.invoke0(Native Method)
at java.base/jdk.internal.reflect.NativeMethodAccessorImpl.invoke(NativeMethodAccessorImpl.java:77)
at java.base/jdk.internal.reflect.DelegatingMethodAccessorImpl.invoke(DelegatingMethodAccessorImpl.java:43)
at java.base/java.lang.reflect.Method.invoke(Method.java:568)
at org.testng.internal.invokers.MethodInvocationHelper.invokeMethod(MethodInvocationHelper.java:139)
at org.testng.internal.invokers.TestInvoker.invokeMethod(TestInvoker.java:664)
at org.testng.internal.invokers.TestInvoker.invokeTestMethod(TestInvoker.java:227)
at org.testng.internal.invokers.MethodRunner.runInSequence(MethodRunner.java:50)
at org.testng.internal.invokers.TestInvoker$MethodInvocationAgent.invoke(TestInvoker.java:957)
at org.testng.internal.invokers.TestInvoker.invokeTestMethods(TestInvoker.java:200)
at org.testng.internal.invokers.TestMethodWorker.invokeTestMethods(TestMethodWorker.java:148)
at org.testng.internal.invokers.TestMethodWorker.run(TestMethodWorker.java:128)
at java.base/java.util.ArrayList.forEach(ArrayList.java:1511)
at org.testng.TestRunner.privateRun(TestRunner.java:848)
at org.testng.TestRunner.run(TestRunner.java:621)
at org.testng.SuiteRunner.runTest(SuiteRunner.java:443)
at org.testng.SuiteRunner.runSequentially(SuiteRunner.java:437)
at org.testng.SuiteRunner.privateRun(SuiteRunner.java:397)
at org.testng.SuiteRunner.run(SuiteRunner.java:336)
at org.testng.SuiteRunnerWorker.runSuite(SuiteRunnerWorker.java:52)
at org.testng.SuiteRunnerWorker.run(SuiteRunnerWorker.java:95)
at org.testng.TestNG.runSuitesSequentially(TestNG.java:1280)
at org.testng.TestNG.runSuitesLocally(TestNG.java:1200)
at org.testng.TestNG.runSuites(TestNG.java:1114)
at org.testng.TestNG.run(TestNG.java:1082)
at org.testng.remote.AbstractRemoteTestNG.run(AbstractRemoteTestNG.java:115)
at org.testng.remote.RemoteTestNG.initAndRun(RemoteTestNG.java:251)
at org.testng.remote.RemoteTestNG.main(RemoteTestNG.java:77)
]]>
    </error>
  </testcase> <!-- Dropdown -->
  <testcase classname="rivirtual.BuilderAwardsLandingPageIND" name="NominationForm" time="1.079">
    <error message="session not created: This version of ChromeDriver only supports Chrome version 135
Current browser version is 144.0.7559.97 with binary path C:\Program Files\Google\Chrome\Application\chrome.exe
Build info: version: &#039;3.141.59&#039;, revision: &#039;e82be7d358&#039;, time: &#039;2018-11-14T08:17:03&#039;
System info: host: &#039;DESKTOP-LQAEF8L&#039;, ip: &#039;192.168.29.28&#039;, os.name: &#039;Windows 11&#039;, os.arch: &#039;amd64&#039;, os.version: &#039;10.0&#039;, java.version: &#039;17.0.7&#039;
Driver info: driver.version: ChromeDriver
remote stacktrace: 	GetHandleVerifier [0x00007FF777DD1F55+78133]
	GetHandleVerifier [0x00007FF777DD1FB0+78224]
	(No symbol) [0x00007FF777B991BA]
	(No symbol) [0x00007FF777BDD12F]
	(No symbol) [0x00007FF777BDC17B]
	(No symbol) [0x00007FF777BD642A]
	(No symbol) [0x00007FF777BD19DD]
	(No symbol) [0x00007FF777C25108]
	(No symbol) [0x00007FF777C246E0]
	(No symbol) [0x00007FF777C16F33]
	(No symbol) [0x00007FF777BE0358]
	(No symbol) [0x00007FF777BE10C3]
	GetHandleVerifier [0x00007FF77809BA8D+3001453]
	GetHandleVerifier [0x00007FF778095E72+2977874]
	GetHandleVerifier [0x00007FF7780B497D+3103581]
	GetHandleVerifier [0x00007FF777DEC7EA+186826]
	GetHandleVerifier [0x00007FF777DF43FF+218591]
	GetHandleVerifier [0x00007FF777DD9D94+110452]
	GetHandleVerifier [0x00007FF777DD9F42+110882]
	GetHandleVerifier [0x00007FF777DC0379+5465]
	BaseThreadInitThunk [0x00007FFAD281E8D7+23]
	RtlUserThreadStart [0x00007FFAD3F6C53C+44]
" type="org.openqa.selenium.SessionNotCreatedException">
      <![CDATA[org.openqa.selenium.SessionNotCreatedException: session not created: This version of ChromeDriver only supports Chrome version 135
Current browser version is 144.0.7559.97 with binary path C:\Program Files\Google\Chrome\Application\chrome.exe
Build info: version: '3.141.59', revision: 'e82be7d358', time: '2018-11-14T08:17:03'
System info: host: 'DESKTOP-LQAEF8L', ip: '192.168.29.28', os.name: 'Windows 11', os.arch: 'amd64', os.version: '10.0', java.version: '17.0.7'
Driver info: driver.version: ChromeDriver
remote stacktrace: GetHandleVerifier [0x00007FF777DD1F55+78133]
GetHandleVerifier [0x00007FF777DD1FB0+78224]
(No symbol) [0x00007FF777B991BA]
(No symbol) [0x00007FF777BDD12F]
(No symbol) [0x00007FF777BDC17B]
(No symbol) [0x00007FF777BD642A]
(No symbol) [0x00007FF777BD19DD]
(No symbol) [0x00007FF777C25108]
(No symbol) [0x00007FF777C246E0]
(No symbol) [0x00007FF777C16F33]
(No symbol) [0x00007FF777BE0358]
(No symbol) [0x00007FF777BE10C3]
GetHandleVerifier [0x00007FF77809BA8D+3001453]
GetHandleVerifier [0x00007FF778095E72+2977874]
GetHandleVerifier [0x00007FF7780B497D+3103581]
GetHandleVerifier [0x00007FF777DEC7EA+186826]
GetHandleVerifier [0x00007FF777DF43FF+218591]
GetHandleVerifier [0x00007FF777DD9D94+110452]
GetHandleVerifier [0x00007FF777DD9F42+110882]
GetHandleVerifier [0x00007FF777DC0379+5465]
BaseThreadInitThunk [0x00007FFAD281E8D7+23]
RtlUserThreadStart [0x00007FFAD3F6C53C+44]

at java.base/jdk.internal.reflect.NativeConstructorAccessorImpl.newInstance0(Native Method)
at java.base/jdk.internal.reflect.NativeConstructorAccessorImpl.newInstance(NativeConstructorAccessorImpl.java:77)
at java.base/jdk.internal.reflect.DelegatingConstructorAccessorImpl.newInstance(DelegatingConstructorAccessorImpl.java:45)
at java.base/java.lang.reflect.Constructor.newInstanceWithCaller(Constructor.java:499)
at java.base/java.lang.reflect.Constructor.newInstance(Constructor.java:480)
at org.openqa.selenium.remote.W3CHandshakeResponse.lambda$errorHandler$0(W3CHandshakeResponse.java:62)
at org.openqa.selenium.remote.HandshakeResponse.lambda$getResponseFunction$0(HandshakeResponse.java:30)
at org.openqa.selenium.remote.ProtocolHandshake.lambda$createSession$0(ProtocolHandshake.java:126)
at java.base/java.util.stream.ReferencePipeline$3$1.accept(ReferencePipeline.java:197)
at java.base/java.util.Spliterators$ArraySpliterator.tryAdvance(Spliterators.java:1002)
at java.base/java.util.stream.ReferencePipeline.forEachWithCancel(ReferencePipeline.java:129)
at java.base/java.util.stream.AbstractPipeline.copyIntoWithCancel(AbstractPipeline.java:527)
at java.base/java.util.stream.AbstractPipeline.copyInto(AbstractPipeline.java:513)
at java.base/java.util.stream.AbstractPipeline.wrapAndCopyInto(AbstractPipeline.java:499)
at java.base/java.util.stream.FindOps$FindOp.evaluateSequential(FindOps.java:150)
at java.base/java.util.stream.AbstractPipeline.evaluate(AbstractPipeline.java:234)
at java.base/java.util.stream.ReferencePipeline.findFirst(ReferencePipeline.java:647)
at org.openqa.selenium.remote.ProtocolHandshake.createSession(ProtocolHandshake.java:128)
at org.openqa.selenium.remote.ProtocolHandshake.createSession(ProtocolHandshake.java:74)
at org.openqa.selenium.remote.HttpCommandExecutor.execute(HttpCommandExecutor.java:136)
at org.openqa.selenium.remote.service.DriverCommandExecutor.execute(DriverCommandExecutor.java:83)
at org.openqa.selenium.remote.RemoteWebDriver.execute(RemoteWebDriver.java:552)
at org.openqa.selenium.remote.RemoteWebDriver.startSession(RemoteWebDriver.java:213)
at org.openqa.selenium.remote.RemoteWebDriver.<init>(RemoteWebDriver.java:131)
at org.openqa.selenium.chrome.ChromeDriver.<init>(ChromeDriver.java:181)
at org.openqa.selenium.chrome.ChromeDriver.<init>(ChromeDriver.java:168)
at org.openqa.selenium.chrome.ChromeDriver.<init>(ChromeDriver.java:123)
at rivirtual.BuilderAwardsLandingPageIND.NominationForm(BuilderAwardsLandingPageIND.java:102)
at java.base/jdk.internal.reflect.NativeMethodAccessorImpl.invoke0(Native Method)
at java.base/jdk.internal.reflect.NativeMethodAccessorImpl.invoke(NativeMethodAccessorImpl.java:77)
at java.base/jdk.internal.reflect.DelegatingMethodAccessorImpl.invoke(DelegatingMethodAccessorImpl.java:43)
at java.base/java.lang.reflect.Method.invoke(Method.java:568)
at org.testng.internal.invokers.MethodInvocationHelper.invokeMethod(MethodInvocationHelper.java:139)
at org.testng.internal.invokers.TestInvoker.invokeMethod(TestInvoker.java:664)
at org.testng.internal.invokers.TestInvoker.invokeTestMethod(TestInvoker.java:227)
at org.testng.internal.invokers.MethodRunner.runInSequence(MethodRunner.java:50)
at org.testng.internal.invokers.TestInvoker$MethodInvocationAgent.invoke(TestInvoker.java:957)
at org.testng.internal.invokers.TestInvoker.invokeTestMethods(TestInvoker.java:200)
at org.testng.internal.invokers.TestMethodWorker.invokeTestMethods(TestMethodWorker.java:148)
at org.testng.internal.invokers.TestMethodWorker.run(TestMethodWorker.java:128)
at java.base/java.util.ArrayList.forEach(ArrayList.java:1511)
at org.testng.TestRunner.privateRun(TestRunner.java:848)
at org.testng.TestRunner.run(TestRunner.java:621)
at org.testng.SuiteRunner.runTest(SuiteRunner.java:443)
at org.testng.SuiteRunner.runSequentially(SuiteRunner.java:437)
at org.testng.SuiteRunner.privateRun(SuiteRunner.java:397)
at org.testng.SuiteRunner.run(SuiteRunner.java:336)
at org.testng.SuiteRunnerWorker.runSuite(SuiteRunnerWorker.java:52)
at org.testng.SuiteRunnerWorker.run(SuiteRunnerWorker.java:95)
at org.testng.TestNG.runSuitesSequentially(TestNG.java:1280)
at org.testng.TestNG.runSuitesLocally(TestNG.java:1200)
at org.testng.TestNG.runSuites(TestNG.java:1114)
at org.testng.TestNG.run(TestNG.java:1082)
at org.testng.remote.AbstractRemoteTestNG.run(AbstractRemoteTestNG.java:115)
at org.testng.remote.RemoteTestNG.initAndRun(RemoteTestNG.java:251)
at org.testng.remote.RemoteTestNG.main(RemoteTestNG.java:77)
]]>
    </error>
  </testcase> <!-- NominationForm -->
</testsuite> <!-- rivirtual.BuilderAwardsLandingPageIND -->
