<?xml version="1.0" encoding="UTF-8"?>
<!-- Generated by org.testng.reporters.JUnitReportReporter -->
<testsuite hostname="DESKTOP-LQAEF8L" failures="0" tests="6" name="justTest.invocationCount" time="0.021" errors="0" timestamp="2023-10-12T13:50:46 IST" skipped="0">
  <testcase classname="justTest.invocationCount" name="demo2" time="0.011"/>
  <testcase classname="justTest.invocationCount" name="demo3" time="0.003"/>
  <testcase classname="justTest.invocationCount" name="demo5" time="0.001"/>
  <testcase classname="justTest.invocationCount" name="demo5" time="0.002"/>
  <testcase classname="justTest.invocationCount" name="demo1" time="0.002"/>
  <testcase classname="justTest.invocationCount" name="demo1" time="0.002"/>
</testsuite> <!-- justTest.invocationCount -->
