<?xml version="1.0" encoding="UTF-8"?>
<!-- Generated by org.testng.reporters.JUnitReportReporter -->
<testsuite hostname="DESKTOP-LQAEF8L" failures="0" tests="6" name="justTest.prioratization" time="0.027" errors="0" timestamp="2025-05-12T12:55:09 IST" skipped="0">
  <testcase classname="justTest.prioratization" name="demo5" time="0.013"/>
  <testcase classname="justTest.prioratization" name="demo6" time="0.002"/>
  <testcase classname="justTest.prioratization" name="demo1" time="0.002"/>
  <testcase classname="justTest.prioratization" name="demo2" time="0.003"/>
  <testcase classname="justTest.prioratization" name="demo4" time="0.002"/>
  <testcase classname="justTest.prioratization" name="demo3" time="0.005"/>
</testsuite> <!-- justTest.prioratization -->
